<?xml version="1.0" encoding="UTF-8"?>
<!-- Generated by org.testng.reporters.JUnitReportReporter -->
<testsuite hostname="NX00605" failures="0" tests="1" name="TestCases_Package.SignupPageTestCases" time="2.769" errors="0" timestamp="2023-10-10T13:18:23 PKT" skipped="0">
  <testcase classname="TestCases_Package.SignupPageTestCases" name="Testcases_ToRegisterUserSuccessfully" time="2.769"/>
</testsuite> <!-- TestCases_Package.SignupPageTestCases -->
