<?xml version="1.0" encoding="UTF-8"?>
<!-- Generated by org.testng.reporters.JUnitReportReporter -->
<testsuite hostname="DESKTOP-2QTKDAK" failures="0" tests="1" name="TestCases_Package.LoginTestcases" time="7.025" errors="0" timestamp="2023-10-10T00:40:30 PKT" skipped="0">
  <testcase classname="TestCases_Package.LoginTestcases" name="Testcase_VerifyLoginwith_bothWrongEmailandPassword_SignupNewForAccount" time="7.025"/>
</testsuite> <!-- TestCases_Package.LoginTestcases -->
