<?xml version="1.0" encoding="UTF-8"?>
<!-- Generated by org.testng.reporters.JUnitReportReporter -->
<testsuite hostname="NX00605" failures="0" tests="1" name="TestCases_Package.LoginTestcases" time="3.581" errors="0" timestamp="2023-10-10T13:11:40 PKT" skipped="0">
  <testcase classname="TestCases_Package.LoginTestcases" name="Testcase_VerifyLoginwith_bothWrongEmailandPassword_SignupNewForAccount" time="3.581"/>
</testsuite> <!-- TestCases_Package.LoginTestcases -->
