<?xml version="1.0" encoding="UTF-8"?>
<!-- Generated by org.testng.reporters.JUnitReportReporter -->
<testsuite hostname="NX00605" failures="0" tests="4" name="TestCases_Package.LoginTestcases" time="0.000" errors="0" timestamp="2023-10-12T18:49:18 PKT" skipped="4">
  <testcase classname="TestCases_Package.LoginTestcases" name="Testcase_VerifyLoginwith_bothWrongEmailandPassword" time="0.000">
    <skipped/>
  </testcase> <!-- Testcase_VerifyLoginwith_bothWrongEmailandPassword -->
  <testcase classname="TestCases_Package.LoginTestcases" name="Testcase_VerifyLoginwith_bothCorrectEmailandPassword" time="0.000">
    <skipped/>
  </testcase> <!-- Testcase_VerifyLoginwith_bothCorrectEmailandPassword -->
  <testcase classname="TestCases_Package.LoginTestcases" name="usingSession_VerifyUserDoesnotExistInSystem_SignupNewForAccount" time="0.000">
    <skipped/>
  </testcase> <!-- usingSession_VerifyUserDoesnotExistInSystem_SignupNewForAccount -->
  <testcase classname="TestCases_Package.LoginTestcases" name="Verify_UserDoesnotExistInSystem_SignupNewForAccount" time="0.000">
    <skipped/>
  </testcase> <!-- Verify_UserDoesnotExistInSystem_SignupNewForAccount -->
</testsuite> <!-- TestCases_Package.LoginTestcases -->
