<?xml version="1.0" encoding="UTF-8"?>
<!-- Generated by org.testng.reporters.JUnitReportReporter -->
<testsuite hostname="NX00605" failures="0" tests="4" name="TestCases_Package.OrderAndCartPageTestCases" time="0.000" errors="0" timestamp="2024-04-25T13:33:02 PKT" skipped="4">
  <testcase classname="TestCases_Package.OrderAndCartPageTestCases" name="VerifyplaceOrderOfDesktop" time="0.000">
    <skipped/>
  </testcase> <!-- VerifyplaceOrderOfDesktop -->
  <testcase classname="TestCases_Package.OrderAndCartPageTestCases" name="VerifyplaceOrderofMobilePhone" time="0.000">
    <skipped/>
  </testcase> <!-- VerifyplaceOrderofMobilePhone -->
  <testcase classname="TestCases_Package.OrderAndCartPageTestCases" name="VerifythatUserIsAbleToUpdateShoppingCart" time="0.000">
    <skipped/>
  </testcase> <!-- VerifythatUserIsAbleToUpdateShoppingCart -->
  <testcase classname="TestCases_Package.OrderAndCartPageTestCases" name="VerifyplaceOrderOfAppleLaptop" time="0.000">
    <skipped/>
  </testcase> <!-- VerifyplaceOrderOfAppleLaptop -->
</testsuite> <!-- TestCases_Package.OrderAndCartPageTestCases -->
