<?xml version="1.0" encoding="UTF-8"?>
<!-- Generated by org.testng.reporters.JUnitReportReporter -->
<testsuite hostname="NX00605" failures="0" tests="1" name="TestCases_Package.SignupPageTestCases" time="0.000" errors="0" timestamp="2024-04-25T13:33:02 PKT" skipped="1">
  <testcase classname="TestCases_Package.SignupPageTestCases" name="Testcases_ToVerifyRegisterUserSuccessfully" time="0.000">
    <skipped/>
  </testcase> <!-- Testcases_ToVerifyRegisterUserSuccessfully -->
</testsuite> <!-- TestCases_Package.SignupPageTestCases -->
