<?xml version="1.0" encoding="UTF-8"?>
<!-- Generated by org.testng.reporters.JUnitReportReporter -->
<testsuite hostname="NX00605" failures="0" tests="1" name="TestCases_Package.SignupPageTestCases" time="0.000" errors="0" timestamp="2023-10-12T18:49:18 PKT" skipped="1">
  <testcase classname="TestCases_Package.SignupPageTestCases" name="Testcases_ToRegisterUserSuccessfully" time="0.000">
    <skipped/>
  </testcase> <!-- Testcases_ToRegisterUserSuccessfully -->
</testsuite> <!-- TestCases_Package.SignupPageTestCases -->
